<?xml version="1.0" encoding="UTF-8"?>
<!-- Generated by org.testng.reporters.JUnitXMLReporter -->
<testsuite ignored="0" hostname="DESKTOP-2D6MJ0H" failures="0" tests="1" name="Default test" time="0.12" errors="0" timestamp="2023-03-10T15:35:25 IST">
  <testcase classname="testScripts.FlightsFunctionalityTest" name="@BeforeTest startApplication" time="-1.678442725504E9">
    <failure type="org.testng.TestNGException" message="
Parameter &amp;apos;myUrl&amp;apos; is required by BeforeTest on method startApplication but has not been marked @Optional or defined
in C:\Users\Smart\AppData\Local\Temp\testng-eclipse--1960209778\testng-customsuite.xml">
      <![CDATA[org.testng.TestNGException: 
Parameter 'myUrl' is required by BeforeTest on method startApplication but has not been marked @Optional or defined
in C:\Users\Smart\AppData\Local\Temp\testng-eclipse--1960209778\testng-customsuite.xml
at org.testng.internal.Parameters.createParams(Parameters.java:270)
at org.testng.internal.Parameters.createParametersForMethod(Parameters.java:358)
at org.testng.internal.Parameters.createParameters(Parameters.java:700)
at org.testng.internal.Parameters.createConfigurationParameters(Parameters.java:168)
at org.testng.internal.ConfigInvoker.invokeConfigurations(ConfigInvoker.java:302)
at org.testng.TestRunner.invokeTestConfigurations(TestRunner.java:637)
at org.testng.TestRunner.beforeRun(TestRunner.java:627)
at org.testng.TestRunner.run(TestRunner.java:589)
at org.testng.SuiteRunner.runTest(SuiteRunner.java:377)
at org.testng.SuiteRunner.runSequentially(SuiteRunner.java:371)
at org.testng.SuiteRunner.privateRun(SuiteRunner.java:332)
at org.testng.SuiteRunner.run(SuiteRunner.java:276)
at org.testng.SuiteRunnerWorker.runSuite(SuiteRunnerWorker.java:53)
at org.testng.SuiteRunnerWorker.run(SuiteRunnerWorker.java:96)
at org.testng.TestNG.runSuitesSequentially(TestNG.java:1212)
at org.testng.TestNG.runSuitesLocally(TestNG.java:1134)
at org.testng.TestNG.runSuites(TestNG.java:1063)
at org.testng.TestNG.run(TestNG.java:1031)
at org.testng.remote.AbstractRemoteTestNG.run(AbstractRemoteTestNG.java:115)
at org.testng.remote.RemoteTestNG.initAndRun(RemoteTestNG.java:251)
at org.testng.remote.RemoteTestNG.main(RemoteTestNG.java:77)
]]>
    </failure>
  </testcase> <!-- @BeforeTest startApplication -->
  <testcase classname="testScripts.FlightsFunctionalityTest" name="@AfterTest quitBrowser" time="-1.678442725609E9">
    <skipped/>
  </testcase> <!-- @AfterTest quitBrowser -->
  <testcase classname="testScripts.FlightsFunctionalityTest" name="verifyDifferentTripOptions" time="0.0">
    <skipped/>
  </testcase> <!-- verifyDifferentTripOptions -->
</testsuite> <!-- Default test -->
